[Fri Aug 07 12:56:16 2020] 1249 1596819376.29178 -  [{script:rederlyPGproblemRenderer; file:webwork-open-problem-library/Contrib/CUNY/CityTech/CollegeAlgebra_Trig/IntegerExponents/negative1-exponents.pg; duration: 0.528 sec; memory:  29816 bytes;}]
[Fri Aug 07 12:57:33 2020] 1685 1596819453.97726 -  [{script:rederlyPGproblemRenderer; file:webwork-open-problem-library/Contrib/CUNY/CityTech/CollegeAlgebra_Trig/IntegerExponents/multiply-divide-easy.pg; duration: 0.292 sec; memory:  29624 bytes;}]
[Fri Aug 07 12:57:37 2020] 1685 1596819457.68604 -  [{script:rederlyPGproblemRenderer; file:webwork-open-problem-library/Contrib/CUNY/CityTech/CollegeAlgebra_Trig/IntegerExponents/negative1-exponents.pg; duration: 0.098 sec; memory:   6420 bytes;}]
[Fri Aug 07 12:58:41 2020] 1685 1596819521.31447 -  [{script:rederlyPGproblemRenderer; file:webwork-open-problem-library/Contrib/CUNY/CityTech/CollegeAlgebra_Trig/IntegerExponents/multiply-divide-easy.pg; duration: 0.090 sec; memory:   5456 bytes;}]
[Fri Aug 07 12:58:47 2020] 1685 1596819527.4705 -  [{script:rederlyPGproblemRenderer; file:webwork-open-problem-library/Contrib/CUNY/CityTech/CollegeAlgebra_Trig/IntegerExponents/multiply-medium.pg; duration: 0.093 sec; memory:   5248 bytes;}]
[Fri Aug 07 12:58:49 2020] 1685 1596819529.31727 -  [{script:rederlyPGproblemRenderer; file:webwork-open-problem-library/Contrib/CUNY/CityTech/CollegeAlgebra_Trig/IntegerExponents/exponents-mixed-hard.pg; duration: 0.116 sec; memory:   5256 bytes;}]
[Fri Aug 07 12:58:51 2020] 1685 1596819531.05913 -  [{script:rederlyPGproblemRenderer; file:webwork-open-problem-library/Contrib/CUNY/CityTech/CollegeAlgebra_Trig/IntegerExponents/powers-exponents-basic.pg; duration: 0.094 sec; memory:   5724 bytes;}]
[Fri Aug 07 14:21:25 2020] 1685 1596824485.39972 -  [{script:rederlyPGproblemRenderer; file:webwork-open-problem-library/Contrib/CUNY/CityTech/CollegeAlgebra_Trig/IntegerExponents/negative1-exponents.pg; duration: 0.094 sec; memory:   5840 bytes;}]
[Fri Aug 07 15:32:36 2020] 2547 1596828756.36428 -  [{script:rederlyPGproblemRenderer; file:webwork-open-problem-library/Contrib/CUNY/CityTech/CollegeAlgebra_Trig/IntegerExponents/negative1-exponents.pg; duration: 0.292 sec; memory:  29752 bytes;}]
[Fri Aug 07 15:32:36 2020] 2547 1596828756.53859 -  [{script:rederlyPGproblemRenderer; file:webwork-open-problem-library/Contrib/CUNY/CityTech/CollegeAlgebra_Trig/IntegerExponents/exponents-mixed-hard.pg; duration: 0.107 sec; memory:   7692 bytes;}]
[Fri Aug 07 15:34:52 2020] 2578 1596828892.3089 -  [{script:rederlyPGproblemRenderer; file:webwork-open-problem-library/Contrib/CUNY/CityTech/CollegeAlgebra_Trig/IntegerExponents/negative1-exponents.pg; duration: 0.270 sec; memory:  30328 bytes;}]
[Fri Aug 07 15:34:54 2020] 2578 1596828894.20459 -  [{script:rederlyPGproblemRenderer; file:webwork-open-problem-library/Contrib/CUNY/CityTech/CollegeAlgebra_Trig/IntegerExponents/multiply-divide-easy.pg; duration: 0.087 sec; memory:   6060 bytes;}]
[Fri Aug 07 15:34:55 2020] 2578 1596828895.14978 -  [{script:rederlyPGproblemRenderer; file:webwork-open-problem-library/Contrib/CUNY/CityTech/CollegeAlgebra_Trig/IntegerExponents/multiply-medium.pg; duration: 0.089 sec; memory:   5412 bytes;}]
[Fri Aug 07 15:36:42 2020] 2593 1596829002.51717 -  [{script:rederlyPGproblemRenderer; file:webwork-open-problem-library/Contrib/CUNY/CityTech/CollegeAlgebra_Trig/IntegerExponents/exponents-fraction-positive.pg; duration: 0.279 sec; memory:  29256 bytes;}]
[Sun Aug 09 11:19:01 2020] 2593 1596986341.87443 -  [{script:rederlyPGproblemRenderer; file:webwork-open-problem-library/Contrib/CUNY/CityTech/Calculus/setLimits_-_Analytic/polynomial.pg; duration: 0.178 sec; memory:   9100 bytes;}]
[Sun Aug 09 15:41:02 2020] 17452 1597002062.60926 -  [{script:rederlyPGproblemRenderer; file:webwork-open-problem-library/Contrib/CUNY/CityTech/Calculus/setLimits_-_Analytic/polynomial.pg; duration: 0.348 sec; memory:  33196 bytes;}]
[Mon Aug 10 11:05:51 2020] 3696 1597071951.21439 -  [{script:rederlyPGproblemRenderer; file:webwork-open-problem-library/Contrib/CUNY/CityTech/Calculus/setLimits_-_Analytic/polynomial.pg; duration: 0.417 sec; memory:  33896 bytes;}]
[Mon Aug 10 11:08:34 2020] 3729 1597072114.08543 -  [{script:rederlyPGproblemRenderer; file:webwork-open-problem-library/Contrib/CUNY/CityTech/Calculus/setLimits_-_Analytic/polynomial.pg; duration: 0.396 sec; memory:  33416 bytes;}]
[Mon Aug 10 11:09:00 2020] 3738 1597072140.85916 -  [{script:rederlyPGproblemRenderer; file:webwork-open-problem-library/Contrib/CUNY/CityTech/Calculus/setLimits_-_Analytic/polynomial.pg; duration: 0.397 sec; memory:  33360 bytes;}]
[Mon Aug 10 11:10:47 2020] 3747 1597072247.28362 -  [{script:rederlyPGproblemRenderer; file:webwork-open-problem-library/Contrib/CUNY/CityTech/Calculus/setLimits_-_Analytic/polynomial.pg; duration: 0.399 sec; memory:  33260 bytes;}]
[Mon Aug 10 11:14:44 2020] 3756 1597072484.75483 -  [{script:rederlyPGproblemRenderer; file:webwork-open-problem-library/Contrib/CUNY/CityTech/Calculus/setLimits_-_Analytic/polynomial.pg; duration: 0.396 sec; memory:  33380 bytes;}]
[Mon Aug 10 11:18:53 2020] 3770 1597072733.46263 -  [{script:rederlyPGproblemRenderer; file:webwork-open-problem-library/Contrib/CUNY/CityTech/Calculus/setLimits_-_Analytic/polynomial.pg; duration: 0.398 sec; memory:  32908 bytes;}]
[Mon Aug 10 11:21:46 2020] 3796 1597072906.82124 -  [{script:rederlyPGproblemRenderer; file:webwork-open-problem-library/Contrib/CUNY/CityTech/Calculus/setLimits_-_Analytic/polynomial.pg; duration: 0.411 sec; memory:  32880 bytes;}]
[Mon Aug 10 11:43:52 2020] 3796 1597074232.62612 -  [{script:rederlyPGproblemRenderer; file:webwork-open-problem-library/Contrib/CUNY/CityTech/Calculus/setLimits_-_Analytic/polynomial.pg; duration: 0.194 sec; memory:   7948 bytes;}]
[Mon Aug 10 12:34:47 2020] 3796 1597077287.0625 -  [{script:rederlyPGproblemRenderer; file:webwork-open-problem-library/Contrib/CUNY/CityTech/Calculus/setLimits_-_Analytic/polynomial.pg; duration: 0.182 sec; memory:   8532 bytes;}]
[Mon Aug 10 12:35:17 2020] 3796 1597077317.86973 -  [{script:rederlyPGproblemRenderer; file:webwork-open-problem-library/Contrib/CUNY/CityTech/Calculus/setLimits_-_Analytic/polynomial.pg; duration: 0.186 sec; memory:   9844 bytes;}]
[Mon Aug 10 12:35:21 2020] 3796 1597077321.6543 -  [{script:rederlyPGproblemRenderer; file:webwork-open-problem-library/Contrib/CUNY/CityTech/Calculus/setLimits_-_Analytic/polynomial.pg; duration: 0.175 sec; memory:   6068 bytes;}]
[Mon Aug 10 12:35:24 2020] 3796 1597077324.06133 -  [{script:rederlyPGproblemRenderer; file:webwork-open-problem-library/Contrib/CUNY/CityTech/Calculus/setLimits_-_Analytic/polynomial.pg; duration: 0.186 sec; memory:   6192 bytes;}]
[Mon Aug 10 12:35:26 2020] 3796 1597077326.91569 -  [{script:rederlyPGproblemRenderer; file:webwork-open-problem-library/Contrib/CUNY/CityTech/Calculus/setLimits_-_Analytic/polynomial.pg; duration: 0.184 sec; memory:   7328 bytes;}]
[Mon Aug 10 12:36:39 2020] 3796 1597077399.43439 -  [{script:rederlyPGproblemRenderer; file:webwork-open-problem-library/Contrib/CUNY/CityTech/Calculus/setLimits_-_Analytic/polynomial.pg; duration: 0.188 sec; memory:   8812 bytes;}]
[Mon Aug 10 13:04:44 2020] 3796 1597079084.67435 -  [{script:rederlyPGproblemRenderer; file:webwork-open-problem-library/Contrib/CUNY/CityTech/Calculus/setLimits_-_Analytic/polynomial.pg; duration: 0.182 sec; memory:   5932 bytes;}]
[Mon Aug 10 14:54:01 2020] 4781 1597085641.74943 -  [{script:rederlyPGproblemRenderer; file:webwork-open-problem-library/Contrib/CUNY/CityTech/Calculus/setLimits_-_Analytic/polynomial.pg; duration: 0.363 sec; memory:  29864 bytes;}]
[Mon Aug 10 15:14:16 2020] 4880 1597086856.12465 -  [{script:rederlyPGproblemRenderer; file:webwork-open-problem-library/Contrib/CUNY/CityTech/Calculus/setLimits_-_Analytic/polynomial.pg; duration: 0.364 sec; memory:  28052 bytes;}]
[Mon Aug 10 15:14:19 2020] 4880 1597086859.37185 -  [{script:rederlyPGproblemRenderer; file:webwork-open-problem-library/Contrib/CUNY/CityTech/Calculus/setLimits_-_Analytic/polynomial.pg; duration: 0.170 sec; memory:   8472 bytes;}]
[Mon Aug 10 15:14:25 2020] 4880 1597086865.16237 -  [{script:rederlyPGproblemRenderer; file:webwork-open-problem-library/Contrib/CUNY/CityTech/Calculus/setLimits_-_Analytic/polynomial.pg; duration: 0.168 sec; memory:   8744 bytes;}]
[Mon Aug 10 15:50:59 2020] 5020 1597089059.46028 -  [{script:rederlyPGproblemRenderer; file:webwork-open-problem-library/Contrib/CUNY/CityTech/Calculus/setLimits_-_Analytic/polynomial.pg; duration: 0.353 sec; memory:  31944 bytes;}]
[Mon Aug 10 15:51:13 2020] 5020 1597089073.76601 -  [{script:rederlyPGproblemRenderer; file:webwork-open-problem-library/Contrib/CUNY/CityTech/Calculus/setLimits_-_Analytic/polynomial.pg; duration: 0.173 sec; memory:   8500 bytes;}]
[Mon Aug 10 15:51:17 2020] 5020 1597089077.79333 -  [{script:rederlyPGproblemRenderer; file:webwork-open-problem-library/Contrib/CUNY/CityTech/Calculus/setLimits_-_Analytic/polynomial.pg; duration: 0.169 sec; memory:   9292 bytes;}]
[Mon Aug 10 15:52:17 2020] 5020 1597089137.94167 -  [{script:rederlyPGproblemRenderer; file:webwork-open-problem-library/Contrib/CUNY/CityTech/Calculus/setLimits_-_Analytic/polynomial.pg; duration: 0.164 sec; memory:   9120 bytes;}]
[Mon Aug 10 15:52:21 2020] 5020 1597089141.52815 -  [{script:rederlyPGproblemRenderer; file:webwork-open-problem-library/Contrib/CUNY/CityTech/Calculus/setLimits_-_Analytic/polynomial.pg; duration: 0.172 sec; memory:   8976 bytes;}]
[Mon Aug 10 15:52:26 2020] 5020 1597089146.31309 -  [{script:rederlyPGproblemRenderer; file:webwork-open-problem-library/Contrib/CUNY/CityTech/Calculus/setLimits_-_Analytic/polynomial.pg; duration: 0.171 sec; memory:   9936 bytes;}]
[Mon Aug 10 15:56:07 2020] 5020 1597089367.11208 -  [{script:rederlyPGproblemRenderer; file:webwork-open-problem-library/Contrib/CUNY/CityTech/Calculus/setLimits_-_Analytic/polynomial.pg; duration: 0.167 sec; memory:   5796 bytes;}]
